2024/05/29 09:59:29 [notice] 1#1: using the "epoll" event method
2024/05/29 09:59:29 [notice] 1#1: nginx/1.25.4
2024/05/29 09:59:29 [notice] 1#1: built by gcc 12.2.0 (Debian 12.2.0-14) 
2024/05/29 09:59:29 [notice] 1#1: OS: Linux 5.10.104-linuxkit
2024/05/29 09:59:29 [notice] 1#1: getrlimit(RLIMIT_NOFILE): 1048576:1048576
2024/05/29 09:59:29 [notice] 1#1: start worker processes
2024/05/29 09:59:29 [notice] 1#1: start worker process 28
2024/05/29 09:59:29 [notice] 1#1: start worker process 29
2024/05/29 09:59:29 [notice] 1#1: start worker process 30
2024/05/29 09:59:29 [notice] 1#1: start worker process 31
2024/05/29 10:14:13 [notice] 1#1: signal 3 (SIGQUIT) received, shutting down
2024/05/29 10:14:13 [notice] 28#28: gracefully shutting down
2024/05/29 10:14:13 [notice] 28#28: exiting
2024/05/29 10:14:13 [notice] 30#30: gracefully shutting down
2024/05/29 10:14:13 [notice] 29#29: gracefully shutting down
2024/05/29 10:14:13 [notice] 31#31: gracefully shutting down
2024/05/29 10:14:13 [notice] 28#28: exit
2024/05/29 10:14:13 [notice] 30#30: exiting
2024/05/29 10:14:13 [notice] 30#30: exit
2024/05/29 10:14:13 [notice] 29#29: exiting
2024/05/29 10:14:13 [notice] 29#29: exit
2024/05/29 10:14:13 [notice] 31#31: exiting
2024/05/29 10:14:13 [notice] 31#31: exit
2024/05/29 10:14:13 [notice] 1#1: signal 17 (SIGCHLD) received from 28
2024/05/29 10:14:13 [notice] 1#1: worker process 28 exited with code 0
2024/05/29 10:14:13 [notice] 1#1: worker process 30 exited with code 0
2024/05/29 10:14:13 [notice] 1#1: signal 29 (SIGIO) received
2024/05/29 10:14:13 [notice] 1#1: signal 17 (SIGCHLD) received from 30
2024/05/29 10:14:13 [notice] 1#1: signal 17 (SIGCHLD) received from 29
2024/05/29 10:14:13 [notice] 1#1: worker process 29 exited with code 0
2024/05/29 10:14:13 [notice] 1#1: signal 29 (SIGIO) received
2024/05/29 10:14:13 [notice] 1#1: signal 17 (SIGCHLD) received from 31
2024/05/29 10:14:13 [notice] 1#1: worker process 31 exited with code 0
2024/05/29 10:14:13 [notice] 1#1: exit
2024/05/29 10:14:22 [warn] 1#1: server name "http://testshop.loc" has suspicious symbols in /etc/nginx/conf.d/default.conf:3
2024/05/29 10:14:22 [notice] 1#1: using the "epoll" event method
2024/05/29 10:14:22 [notice] 1#1: nginx/1.25.4
2024/05/29 10:14:22 [notice] 1#1: built by gcc 12.2.0 (Debian 12.2.0-14) 
2024/05/29 10:14:22 [notice] 1#1: OS: Linux 5.10.104-linuxkit
2024/05/29 10:14:22 [notice] 1#1: getrlimit(RLIMIT_NOFILE): 1048576:1048576
2024/05/29 10:14:22 [notice] 1#1: start worker processes
2024/05/29 10:14:22 [notice] 1#1: start worker process 28
2024/05/29 10:14:22 [notice] 1#1: start worker process 29
2024/05/29 10:14:22 [notice] 1#1: start worker process 30
2024/05/29 10:14:22 [notice] 1#1: start worker process 31
2024/05/29 10:14:50 [notice] 1#1: signal 3 (SIGQUIT) received, shutting down
2024/05/29 10:14:50 [notice] 28#28: gracefully shutting down
2024/05/29 10:14:50 [notice] 31#31: gracefully shutting down
2024/05/29 10:14:50 [notice] 31#31: exiting
2024/05/29 10:14:50 [notice] 29#29: gracefully shutting down
2024/05/29 10:14:50 [notice] 29#29: exiting
2024/05/29 10:14:50 [notice] 30#30: gracefully shutting down
2024/05/29 10:14:50 [notice] 28#28: exiting
2024/05/29 10:14:50 [notice] 31#31: exit
2024/05/29 10:14:50 [notice] 29#29: exit
2024/05/29 10:14:50 [notice] 30#30: exiting
2024/05/29 10:14:50 [notice] 28#28: exit
2024/05/29 10:14:50 [notice] 30#30: exit
2024/05/29 10:14:50 [notice] 1#1: signal 17 (SIGCHLD) received from 29
2024/05/29 10:14:50 [notice] 1#1: worker process 29 exited with code 0
2024/05/29 10:14:50 [notice] 1#1: worker process 31 exited with code 0
2024/05/29 10:14:50 [notice] 1#1: signal 29 (SIGIO) received
2024/05/29 10:14:50 [notice] 1#1: signal 17 (SIGCHLD) received from 28
2024/05/29 10:14:50 [notice] 1#1: worker process 28 exited with code 0
2024/05/29 10:14:50 [notice] 1#1: worker process 30 exited with code 0
2024/05/29 10:14:50 [notice] 1#1: exit
2024/05/29 10:17:26 [warn] 1#1: conflicting server name "testshop.loc" on 0.0.0.0:80, ignored
2024/05/29 10:17:26 [notice] 1#1: using the "epoll" event method
2024/05/29 10:17:26 [notice] 1#1: nginx/1.25.4
2024/05/29 10:17:26 [notice] 1#1: built by gcc 12.2.0 (Debian 12.2.0-14) 
2024/05/29 10:17:26 [notice] 1#1: OS: Linux 5.10.104-linuxkit
2024/05/29 10:17:26 [notice] 1#1: getrlimit(RLIMIT_NOFILE): 1048576:1048576
2024/05/29 10:17:26 [notice] 1#1: start worker processes
2024/05/29 10:17:26 [notice] 1#1: start worker process 28
2024/05/29 10:17:26 [notice] 1#1: start worker process 29
2024/05/29 10:17:26 [notice] 1#1: start worker process 30
2024/05/29 10:17:26 [notice] 1#1: start worker process 31
2024/05/29 10:17:45 [error] 28#28: *1 "/etc/nginx/html/default/index.html" is not found (2: No such file or directory), client: 172.21.10.1, server: testshop.loc, request: "GET /default/ HTTP/1.1", host: "testshop.loc"
2024/05/29 10:17:47 [error] 28#28: *1 "/etc/nginx/html/default/index.html" is not found (2: No such file or directory), client: 172.21.10.1, server: testshop.loc, request: "GET /default/ HTTP/1.1", host: "testshop.loc"
2024/05/29 10:17:48 [error] 28#28: *1 "/etc/nginx/html/default/index.html" is not found (2: No such file or directory), client: 172.21.10.1, server: testshop.loc, request: "GET /default/ HTTP/1.1", host: "testshop.loc"
2024/05/29 10:17:48 [error] 28#28: *1 "/etc/nginx/html/default/index.html" is not found (2: No such file or directory), client: 172.21.10.1, server: testshop.loc, request: "GET /default/ HTTP/1.1", host: "testshop.loc"
2024/05/29 10:17:59 [error] 28#28: *1 open() "/etc/nginx/html/default" failed (2: No such file or directory), client: 172.21.10.1, server: testshop.loc, request: "GET /default HTTP/1.1", host: "testshop.loc"
2024/05/29 10:18:16 [error] 28#28: *1 open() "/etc/nginx/html/default" failed (2: No such file or directory), client: 172.21.10.1, server: testshop.loc, request: "GET /default HTTP/1.1", host: "testshop.loc"
2024/05/29 10:18:16 [error] 28#28: *1 open() "/etc/nginx/html/default" failed (2: No such file or directory), client: 172.21.10.1, server: testshop.loc, request: "GET /default HTTP/1.1", host: "testshop.loc"
2024/05/29 10:18:16 [error] 28#28: *1 open() "/etc/nginx/html/default" failed (2: No such file or directory), client: 172.21.10.1, server: testshop.loc, request: "GET /default HTTP/1.1", host: "testshop.loc"
2024/05/29 10:18:17 [error] 28#28: *1 open() "/etc/nginx/html/default" failed (2: No such file or directory), client: 172.21.10.1, server: testshop.loc, request: "GET /default HTTP/1.1", host: "testshop.loc"
2024/05/29 10:18:17 [error] 28#28: *1 open() "/etc/nginx/html/default" failed (2: No such file or directory), client: 172.21.10.1, server: testshop.loc, request: "GET /default HTTP/1.1", host: "testshop.loc"
2024/05/29 10:18:45 [error] 28#28: *1 open() "/etc/nginx/html/default" failed (2: No such file or directory), client: 172.21.10.1, server: testshop.loc, request: "GET /default HTTP/1.1", host: "testshop.loc"
2024/05/29 10:18:46 [error] 28#28: *1 open() "/etc/nginx/html/default" failed (2: No such file or directory), client: 172.21.10.1, server: testshop.loc, request: "GET /default HTTP/1.1", host: "testshop.loc"
2024/05/29 10:19:20 [error] 28#28: *1 open() "/etc/nginx/html/default" failed (2: No such file or directory), client: 172.21.10.1, server: testshop.loc, request: "GET /default HTTP/1.1", host: "testshop.loc"
2024/05/29 10:19:21 [error] 28#28: *1 open() "/etc/nginx/html/default" failed (2: No such file or directory), client: 172.21.10.1, server: testshop.loc, request: "GET /default HTTP/1.1", host: "testshop.loc"
2024/05/29 10:19:31 [error] 28#28: *1 open() "/etc/nginx/html/default" failed (2: No such file or directory), client: 172.21.10.1, server: testshop.loc, request: "GET /default HTTP/1.1", host: "testshop.loc"
2024/05/29 10:19:32 [error] 28#28: *1 open() "/etc/nginx/html/default" failed (2: No such file or directory), client: 172.21.10.1, server: testshop.loc, request: "GET /default HTTP/1.1", host: "testshop.loc"
2024/05/29 10:19:32 [error] 28#28: *1 open() "/etc/nginx/html/default" failed (2: No such file or directory), client: 172.21.10.1, server: testshop.loc, request: "GET /default HTTP/1.1", host: "testshop.loc"
2024/05/29 10:19:33 [error] 28#28: *1 open() "/etc/nginx/html/default" failed (2: No such file or directory), client: 172.21.10.1, server: testshop.loc, request: "GET /default HTTP/1.1", host: "testshop.loc"
2024/05/29 10:19:34 [error] 29#29: *2 open() "/etc/nginx/html/default" failed (2: No such file or directory), client: 172.21.10.1, server: testshop.loc, request: "GET /default HTTP/1.1", host: "testshop.loc"
2024/05/29 10:19:34 [error] 29#29: *2 open() "/etc/nginx/html/favicon.ico" failed (2: No such file or directory), client: 172.21.10.1, server: testshop.loc, request: "GET /favicon.ico HTTP/1.1", host: "testshop.loc", referrer: "http://testshop.loc/default"
2024/05/29 10:19:42 [error] 29#29: *2 open() "/etc/nginx/html/index" failed (2: No such file or directory), client: 172.21.10.1, server: testshop.loc, request: "GET /index HTTP/1.1", host: "testshop.loc"
2024/05/29 10:19:48 [error] 29#29: *2 open() "/etc/nginx/html/index" failed (2: No such file or directory), client: 172.21.10.1, server: testshop.loc, request: "GET /index HTTP/1.1", host: "testshop.loc"
2024/05/29 10:19:51 [error] 29#29: *2 "/etc/nginx/html/index/index.html" is not found (2: No such file or directory), client: 172.21.10.1, server: testshop.loc, request: "GET /index/ HTTP/1.1", host: "testshop.loc"
2024/05/29 10:20:01 [error] 29#29: *2 open() "/etc/nginx/html/index" failed (2: No such file or directory), client: 172.21.10.1, server: testshop.loc, request: "GET /index HTTP/1.1", host: "testshop.loc"
2024/05/29 10:20:14 [error] 29#29: *2 "/etc/nginx/html/index.html" is not found (2: No such file or directory), client: 172.21.10.1, server: testshop.loc, request: "GET / HTTP/1.1", host: "testshop.loc"
2024/05/29 10:20:17 [error] 29#29: *2 "/etc/nginx/html/index.html" is not found (2: No such file or directory), client: 172.21.10.1, server: testshop.loc, request: "GET / HTTP/1.1", host: "testshop.loc"
2024/05/29 10:20:21 [error] 29#29: *2 open() "/etc/nginx/html/index" failed (2: No such file or directory), client: 172.21.10.1, server: testshop.loc, request: "GET /index HTTP/1.1", host: "testshop.loc"
2024/05/29 10:21:08 [error] 29#29: *2 open() "/etc/nginx/html/index" failed (2: No such file or directory), client: 172.21.10.1, server: testshop.loc, request: "GET /index HTTP/1.1", host: "testshop.loc"
2024/05/29 10:21:09 [error] 29#29: *2 open() "/etc/nginx/html/index" failed (2: No such file or directory), client: 172.21.10.1, server: testshop.loc, request: "GET /index HTTP/1.1", host: "testshop.loc"
2024/05/29 10:22:30 [notice] 1#1: signal 3 (SIGQUIT) received, shutting down
2024/05/29 10:22:30 [notice] 30#30: gracefully shutting down
2024/05/29 10:22:30 [notice] 30#30: exiting
2024/05/29 10:22:30 [notice] 31#31: gracefully shutting down
2024/05/29 10:22:30 [notice] 28#28: gracefully shutting down
2024/05/29 10:22:30 [notice] 29#29: gracefully shutting down
2024/05/29 10:22:30 [notice] 30#30: exit
2024/05/29 10:22:30 [notice] 31#31: exiting
2024/05/29 10:22:30 [notice] 28#28: exiting
2024/05/29 10:22:30 [notice] 28#28: exit
2024/05/29 10:22:30 [notice] 29#29: exiting
2024/05/29 10:22:30 [notice] 31#31: exit
2024/05/29 10:22:30 [notice] 29#29: exit
2024/05/29 10:22:30 [notice] 1#1: signal 17 (SIGCHLD) received from 30
2024/05/29 10:22:30 [notice] 1#1: worker process 30 exited with code 0
2024/05/29 10:22:30 [notice] 1#1: signal 29 (SIGIO) received
2024/05/29 10:22:30 [notice] 1#1: signal 17 (SIGCHLD) received from 28
2024/05/29 10:22:30 [notice] 1#1: worker process 28 exited with code 0
2024/05/29 10:22:30 [notice] 1#1: signal 29 (SIGIO) received
2024/05/29 10:22:30 [notice] 1#1: signal 17 (SIGCHLD) received from 29
2024/05/29 10:22:30 [notice] 1#1: worker process 29 exited with code 0
2024/05/29 10:22:30 [notice] 1#1: worker process 31 exited with code 0
2024/05/29 10:22:30 [notice] 1#1: exit
2024/05/29 10:22:50 [notice] 1#1: using the "epoll" event method
2024/05/29 10:22:50 [notice] 1#1: nginx/1.25.4
2024/05/29 10:22:50 [notice] 1#1: built by gcc 12.2.0 (Debian 12.2.0-14) 
2024/05/29 10:22:50 [notice] 1#1: OS: Linux 5.10.104-linuxkit
2024/05/29 10:22:50 [notice] 1#1: getrlimit(RLIMIT_NOFILE): 1048576:1048576
2024/05/29 10:22:50 [notice] 1#1: start worker processes
2024/05/29 10:22:50 [notice] 1#1: start worker process 28
2024/05/29 10:22:50 [notice] 1#1: start worker process 29
2024/05/29 10:22:50 [notice] 1#1: start worker process 30
2024/05/29 10:22:50 [notice] 1#1: start worker process 31
2024/05/29 10:24:47 [notice] 1#1: signal 3 (SIGQUIT) received, shutting down
2024/05/29 10:24:47 [notice] 31#31: gracefully shutting down
2024/05/29 10:24:47 [notice] 31#31: exiting
2024/05/29 10:24:47 [notice] 30#30: gracefully shutting down
2024/05/29 10:24:47 [notice] 29#29: gracefully shutting down
2024/05/29 10:24:47 [notice] 29#29: exiting
2024/05/29 10:24:47 [notice] 28#28: gracefully shutting down
2024/05/29 10:24:47 [notice] 28#28: exiting
2024/05/29 10:24:47 [notice] 31#31: exit
2024/05/29 10:24:47 [notice] 30#30: exiting
2024/05/29 10:24:47 [notice] 30#30: exit
2024/05/29 10:24:47 [notice] 29#29: exit
2024/05/29 10:24:47 [notice] 28#28: exit
2024/05/29 10:24:48 [notice] 1#1: signal 17 (SIGCHLD) received from 31
2024/05/29 10:24:48 [notice] 1#1: worker process 31 exited with code 0
2024/05/29 10:24:48 [notice] 1#1: worker process 30 exited with code 0
2024/05/29 10:24:49 [notice] 1#1: signal 29 (SIGIO) received
2024/05/29 10:24:49 [notice] 1#1: signal 17 (SIGCHLD) received from 30
2024/05/29 10:24:49 [notice] 1#1: signal 17 (SIGCHLD) received from 29
2024/05/29 10:24:49 [notice] 1#1: worker process 28 exited with code 0
2024/05/29 10:24:49 [notice] 1#1: worker process 29 exited with code 0
2024/05/29 10:24:49 [notice] 1#1: exit
2024/06/07 06:33:36 [notice] 1#1: using the "epoll" event method
2024/06/07 06:33:36 [notice] 1#1: nginx/1.25.4
2024/06/07 06:33:36 [notice] 1#1: built by gcc 12.2.0 (Debian 12.2.0-14) 
2024/06/07 06:33:36 [notice] 1#1: OS: Linux 5.10.104-linuxkit
2024/06/07 06:33:36 [notice] 1#1: getrlimit(RLIMIT_NOFILE): 1048576:1048576
2024/06/07 06:33:36 [notice] 1#1: start worker processes
2024/06/07 06:33:36 [notice] 1#1: start worker process 28
2024/06/07 06:33:36 [notice] 1#1: start worker process 29
2024/06/07 06:33:36 [notice] 1#1: start worker process 30
2024/06/07 06:33:36 [notice] 1#1: start worker process 31
2024/06/07 07:34:54 [notice] 1#1: signal 3 (SIGQUIT) received, shutting down
2024/06/07 07:34:54 [notice] 28#28: gracefully shutting down
2024/06/07 07:34:54 [notice] 29#29: gracefully shutting down
2024/06/07 07:34:54 [notice] 31#31: gracefully shutting down
2024/06/07 07:34:54 [notice] 31#31: exiting
2024/06/07 07:34:54 [notice] 30#30: gracefully shutting down
2024/06/07 07:34:54 [notice] 30#30: exiting
2024/06/07 07:34:54 [notice] 28#28: exiting
2024/06/07 07:34:54 [notice] 28#28: exit
2024/06/07 07:34:54 [notice] 29#29: exiting
2024/06/07 07:34:54 [notice] 29#29: exit
2024/06/07 07:34:54 [notice] 31#31: exit
2024/06/07 07:34:54 [notice] 30#30: exit
2024/06/07 07:34:54 [notice] 1#1: signal 17 (SIGCHLD) received from 29
2024/06/07 07:34:54 [notice] 1#1: worker process 29 exited with code 0
2024/06/07 07:34:54 [notice] 1#1: signal 29 (SIGIO) received
2024/06/07 07:34:54 [notice] 1#1: signal 17 (SIGCHLD) received from 31
2024/06/07 07:34:54 [notice] 1#1: worker process 28 exited with code 0
2024/06/07 07:34:54 [notice] 1#1: worker process 31 exited with code 0
2024/06/07 07:34:54 [notice] 1#1: signal 29 (SIGIO) received
2024/06/07 07:34:54 [notice] 1#1: signal 17 (SIGCHLD) received from 30
2024/06/07 07:34:54 [notice] 1#1: worker process 30 exited with code 0
2024/06/07 07:34:54 [notice] 1#1: exit
2024/06/07 07:40:24 [notice] 1#1: using the "epoll" event method
2024/06/07 07:40:24 [notice] 1#1: nginx/1.25.4
2024/06/07 07:40:24 [notice] 1#1: built by gcc 12.2.0 (Debian 12.2.0-14) 
2024/06/07 07:40:24 [notice] 1#1: OS: Linux 5.10.104-linuxkit
2024/06/07 07:40:24 [notice] 1#1: getrlimit(RLIMIT_NOFILE): 1048576:1048576
2024/06/07 07:40:24 [notice] 1#1: start worker processes
2024/06/07 07:40:24 [notice] 1#1: start worker process 28
2024/06/07 07:40:24 [notice] 1#1: start worker process 29
2024/06/07 07:40:24 [notice] 1#1: start worker process 30
2024/06/07 07:40:24 [notice] 1#1: start worker process 31
2024/06/07 08:04:20 [notice] 1#1: signal 3 (SIGQUIT) received, shutting down
2024/06/07 08:04:20 [notice] 31#31: gracefully shutting down
2024/06/07 08:04:20 [notice] 28#28: gracefully shutting down
2024/06/07 08:04:20 [notice] 29#29: gracefully shutting down
2024/06/07 08:04:20 [notice] 30#30: gracefully shutting down
2024/06/07 08:04:20 [notice] 30#30: exiting
2024/06/07 08:04:20 [notice] 31#31: exiting
2024/06/07 08:04:20 [notice] 31#31: exit
2024/06/07 08:04:20 [notice] 28#28: exiting
2024/06/07 08:04:20 [notice] 29#29: exiting
2024/06/07 08:04:20 [notice] 29#29: exit
2024/06/07 08:04:20 [notice] 30#30: exit
2024/06/07 08:04:20 [notice] 28#28: exit
2024/06/07 08:04:20 [notice] 1#1: signal 17 (SIGCHLD) received from 31
2024/06/07 08:04:20 [notice] 1#1: worker process 31 exited with code 0
2024/06/07 08:04:20 [notice] 1#1: signal 29 (SIGIO) received
2024/06/07 08:04:20 [notice] 1#1: signal 17 (SIGCHLD) received from 29
2024/06/07 08:04:20 [notice] 1#1: worker process 29 exited with code 0
2024/06/07 08:04:20 [notice] 1#1: worker process 30 exited with code 0
2024/06/07 08:04:20 [notice] 1#1: signal 29 (SIGIO) received
2024/06/07 08:04:20 [notice] 1#1: signal 17 (SIGCHLD) received from 28
2024/06/07 08:04:20 [notice] 1#1: worker process 28 exited with code 0
2024/06/07 08:04:20 [notice] 1#1: exit
2024/06/07 08:21:00 [notice] 1#1: using the "epoll" event method
2024/06/07 08:21:00 [notice] 1#1: nginx/1.25.4
2024/06/07 08:21:00 [notice] 1#1: built by gcc 12.2.0 (Debian 12.2.0-14) 
2024/06/07 08:21:00 [notice] 1#1: OS: Linux 5.10.104-linuxkit
2024/06/07 08:21:00 [notice] 1#1: getrlimit(RLIMIT_NOFILE): 1048576:1048576
2024/06/07 08:21:00 [notice] 1#1: start worker processes
2024/06/07 08:21:00 [notice] 1#1: start worker process 28
2024/06/07 08:21:00 [notice] 1#1: start worker process 29
2024/06/07 08:21:00 [notice] 1#1: start worker process 30
2024/06/07 08:21:00 [notice] 1#1: start worker process 31
2024/06/07 08:23:53 [notice] 1#1: signal 3 (SIGQUIT) received, shutting down
2024/06/07 08:23:53 [notice] 28#28: gracefully shutting down
2024/06/07 08:23:53 [notice] 30#30: gracefully shutting down
2024/06/07 08:23:53 [notice] 28#28: exiting
2024/06/07 08:23:53 [notice] 29#29: gracefully shutting down
2024/06/07 08:23:53 [notice] 31#31: gracefully shutting down
2024/06/07 08:23:53 [notice] 30#30: exiting
2024/06/07 08:23:53 [notice] 28#28: exit
2024/06/07 08:23:53 [notice] 29#29: exiting
2024/06/07 08:23:53 [notice] 29#29: exit
2024/06/07 08:23:53 [notice] 31#31: exiting
2024/06/07 08:23:53 [notice] 31#31: exit
2024/06/07 08:23:53 [notice] 30#30: exit
2024/06/07 08:23:53 [notice] 1#1: signal 17 (SIGCHLD) received from 28
2024/06/07 08:23:53 [notice] 1#1: worker process 28 exited with code 0
2024/06/07 08:23:53 [notice] 1#1: signal 29 (SIGIO) received
2024/06/07 08:23:53 [notice] 1#1: signal 17 (SIGCHLD) received from 29
2024/06/07 08:23:53 [notice] 1#1: worker process 29 exited with code 0
2024/06/07 08:23:53 [notice] 1#1: signal 29 (SIGIO) received
2024/06/07 08:23:53 [notice] 1#1: signal 17 (SIGCHLD) received from 31
2024/06/07 08:23:53 [notice] 1#1: worker process 30 exited with code 0
2024/06/07 08:23:53 [notice] 1#1: worker process 31 exited with code 0
2024/06/07 08:23:53 [notice] 1#1: exit
2024/06/07 08:41:07 [notice] 1#1: using the "epoll" event method
2024/06/07 08:41:07 [notice] 1#1: nginx/1.25.4
2024/06/07 08:41:07 [notice] 1#1: built by gcc 12.2.0 (Debian 12.2.0-14) 
2024/06/07 08:41:07 [notice] 1#1: OS: Linux 5.10.104-linuxkit
2024/06/07 08:41:07 [notice] 1#1: getrlimit(RLIMIT_NOFILE): 1048576:1048576
2024/06/07 08:41:07 [notice] 1#1: start worker processes
2024/06/07 08:41:07 [notice] 1#1: start worker process 28
2024/06/07 08:41:07 [notice] 1#1: start worker process 29
2024/06/07 08:41:07 [notice] 1#1: start worker process 30
2024/06/07 08:41:07 [notice] 1#1: start worker process 31
